<?xml version="1.0" encoding="UTF-8"?>
<!-- Generated by org.testng.reporters.JUnitReportReporter -->
<testsuite hostname="DESKTOPMURALI" failures="0" tests="3" name="com.brainzhive.testcases.AddCustomerTest" time="6.495" errors="0" timestamp="2023-09-14T17:39:41 IST" skipped="0">
  <testcase classname="com.brainzhive.testcases.AddCustomerTest" name="addCustomer" time="1.598"/>
  <testcase classname="com.brainzhive.testcases.AddCustomerTest" name="addCustomer" time="2.795"/>
  <testcase classname="com.brainzhive.testcases.AddCustomerTest" name="addCustomer" time="2.102"/>
</testsuite> <!-- com.brainzhive.testcases.AddCustomerTest -->
