<?xml version="1.0" encoding="UTF-8"?>
<!-- Generated by org.testng.reporters.JUnitReportReporter -->
<testsuite hostname="DESKTOPMURALI" failures="0" tests="1" name="com.brainzhive.testcases.OpenAccountTest" time="2.585" errors="0" timestamp="2023-09-13T15:16:42 IST" skipped="0">
  <testcase classname="com.brainzhive.testcases.OpenAccountTest" name="openAccount" time="2.585"/>
</testsuite> <!-- com.brainzhive.testcases.OpenAccountTest -->
