<?xml version="1.0" encoding="UTF-8"?>
<!-- Generated by org.testng.reporters.JUnitReportReporter -->
<testsuite hostname="DESKTOPMURALI" failures="0" tests="3" name="com.brainzhive.testcases.AddCustomerTest" time="5.860" errors="0" timestamp="2023-09-14T17:59:45 IST" skipped="0">
  <testcase classname="com.brainzhive.testcases.AddCustomerTest" name="addCustomer" time="1.795"/>
  <testcase classname="com.brainzhive.testcases.AddCustomerTest" name="addCustomer" time="1.600"/>
  <testcase classname="com.brainzhive.testcases.AddCustomerTest" name="addCustomer" time="2.465"/>
</testsuite> <!-- com.brainzhive.testcases.AddCustomerTest -->
