<?xml version="1.0" encoding="UTF-8"?>
<!-- Generated by org.testng.reporters.JUnitReportReporter -->
<testsuite hostname="DESKTOPMURALI" failures="0" tests="1" name="com.brainzhive.testcases.BankManagerLoginTest" time="0.636" errors="0" timestamp="2023-09-14T20:39:03 IST" skipped="0">
  <testcase classname="com.brainzhive.testcases.BankManagerLoginTest" name="loginAsBankManager" time="0.636"/>
</testsuite> <!-- com.brainzhive.testcases.BankManagerLoginTest -->
