<?xml version="1.0" encoding="UTF-8"?>
<!-- Generated by org.testng.reporters.JUnitReportReporter -->
<testsuite hostname="DESKTOPMURALI" failures="0" tests="1" name="com.brainzhive.testcases.BankManagerLoginTest" time="0.238" errors="0" timestamp="2023-09-14T17:39:41 IST" skipped="0">
  <testcase classname="com.brainzhive.testcases.BankManagerLoginTest" name="loginAsBankManager" time="0.238"/>
</testsuite> <!-- com.brainzhive.testcases.BankManagerLoginTest -->
