<?xml version="1.0" encoding="UTF-8"?>
<!-- Generated by org.testng.reporters.JUnitReportReporter -->
<testsuite hostname="DESKTOPMURALI" failures="0" tests="3" name="com.brainzhive.testcases.AddCustomerTest" time="5.725" errors="0" timestamp="2023-09-13T15:16:42 IST" skipped="0">
  <testcase classname="com.brainzhive.testcases.AddCustomerTest" name="addCustomer" time="1.724"/>
  <testcase classname="com.brainzhive.testcases.AddCustomerTest" name="addCustomer" time="1.742"/>
  <testcase classname="com.brainzhive.testcases.AddCustomerTest" name="addCustomer" time="2.259"/>
</testsuite> <!-- com.brainzhive.testcases.AddCustomerTest -->
