<?xml version="1.0" encoding="UTF-8"?>
<!-- Generated by org.testng.reporters.JUnitReportReporter -->
<testsuite hostname="DESKTOPMURALI" failures="0" tests="1" name="com.brainzhive.testcases.OpenAccountTest" time="2.678" errors="0" timestamp="2023-09-14T17:59:45 IST" skipped="0">
  <testcase classname="com.brainzhive.testcases.OpenAccountTest" name="openAccount" time="2.678"/>
</testsuite> <!-- com.brainzhive.testcases.OpenAccountTest -->
