<?xml version="1.0" encoding="UTF-8"?>
<!-- Generated by org.testng.reporters.JUnitReportReporter -->
<testsuite hostname="DESKTOPMURALI" failures="0" tests="3" name="com.brainzhive.testcases.AddCustomerTest" time="5.574" errors="0" timestamp="2023-09-14T20:39:03 IST" skipped="0">
  <testcase classname="com.brainzhive.testcases.AddCustomerTest" name="addCustomer" time="2.371"/>
  <testcase classname="com.brainzhive.testcases.AddCustomerTest" name="addCustomer" time="1.599"/>
  <testcase classname="com.brainzhive.testcases.AddCustomerTest" name="addCustomer" time="1.604"/>
</testsuite> <!-- com.brainzhive.testcases.AddCustomerTest -->
