<?xml version="1.0" encoding="UTF-8"?>
<!-- Generated by org.testng.reporters.JUnitReportReporter -->
<testsuite hostname="DESKTOPMURALI" failures="0" tests="4" name="testcases.FindNewCarsTest" time="30.624" errors="0" timestamp="14 Sep 2023 12:11:38 GMT" skipped="0">
  <testcase classname="testcases.FindNewCarsTest" name="findNewCarTest" time="6.374"/>
  <testcase classname="testcases.FindNewCarsTest" name="findNewCarTest" time="10.564"/>
  <testcase classname="testcases.FindNewCarsTest" name="findNewCarTest" time="6.469"/>
  <testcase classname="testcases.FindNewCarsTest" name="findNewCarTest" time="7.217"/>
</testsuite> <!-- testcases.FindNewCarsTest -->
