<?xml version="1.0" encoding="UTF-8"?>
<!-- Generated by org.testng.reporters.JUnitReportReporter -->
<testsuite hostname="DESKTOPMURALI" failures="0" tests="4" name="testcases.CarNameAndPriceTest" time="0.002" errors="0" timestamp="14 Sep 2023 15:11:39 GMT" skipped="4">
  <testcase classname="testcases.CarNameAndPriceTest" name="carNameAndPrice" time="0.000">
    <skipped/>
  </testcase> <!-- carNameAndPrice -->
  <testcase classname="testcases.CarNameAndPriceTest" name="carNameAndPrice" time="0.000">
    <skipped/>
  </testcase> <!-- carNameAndPrice -->
  <testcase classname="testcases.CarNameAndPriceTest" name="carNameAndPrice" time="0.000">
    <skipped/>
  </testcase> <!-- carNameAndPrice -->
  <testcase classname="testcases.CarNameAndPriceTest" name="carNameAndPrice" time="0.002">
    <skipped/>
  </testcase> <!-- carNameAndPrice -->
</testsuite> <!-- testcases.CarNameAndPriceTest -->
