<?xml version="1.0" encoding="UTF-8"?>
<!-- Generated by org.testng.reporters.JUnitReportReporter -->
<testsuite hostname="DESKTOPMURALI" failures="0" tests="4" name="testcases.FindNewCarsTest" time="63.484" errors="0" timestamp="14 Sep 2023 12:33:34 GMT" skipped="0">
  <testcase classname="testcases.FindNewCarsTest" name="findNewCarTest" time="25.384"/>
  <testcase classname="testcases.FindNewCarsTest" name="findNewCarTest" time="11.355"/>
  <testcase classname="testcases.FindNewCarsTest" name="findNewCarTest" time="13.892"/>
  <testcase classname="testcases.FindNewCarsTest" name="findNewCarTest" time="12.853"/>
</testsuite> <!-- testcases.FindNewCarsTest -->
