<?xml version="1.0" encoding="UTF-8"?>
<!-- Generated by org.testng.reporters.JUnitReportReporter -->
<testsuite hostname="DESKTOPMURALI" failures="0" tests="4" name="testcases.FindNewCarsTest" time="30.935" errors="0" timestamp="14 Sep 2023 15:11:39 GMT" skipped="0">
  <testcase classname="testcases.FindNewCarsTest" name="findNewCarTest" time="6.697"/>
  <testcase classname="testcases.FindNewCarsTest" name="findNewCarTest" time="11.828"/>
  <testcase classname="testcases.FindNewCarsTest" name="findNewCarTest" time="6.183"/>
  <testcase classname="testcases.FindNewCarsTest" name="findNewCarTest" time="6.227"/>
</testsuite> <!-- testcases.FindNewCarsTest -->
