<?xml version="1.0" encoding="UTF-8"?>
<!-- Generated by org.testng.reporters.JUnitReportReporter -->
<testsuite hostname="DESKTOPMURALI" failures="0" tests="3" name="com.brainzhive.testcases.AddCustomerTest" time="5.297" errors="0" timestamp="2023-09-13T14:27:17 IST" skipped="0">
  <testcase classname="com.brainzhive.testcases.AddCustomerTest" name="addCustomer" time="1.888"/>
  <testcase classname="com.brainzhive.testcases.AddCustomerTest" name="addCustomer" time="1.829"/>
  <testcase classname="com.brainzhive.testcases.AddCustomerTest" name="addCustomer" time="1.580"/>
</testsuite> <!-- com.brainzhive.testcases.AddCustomerTest -->
