<?xml version="1.0" encoding="UTF-8"?>
<!-- Generated by org.testng.reporters.JUnitReportReporter -->
<testsuite hostname="DESKTOPMURALI" failures="0" tests="1" name="com.brainzhive.testcases.OpenAccountTest" time="1.596" errors="0" timestamp="2023-09-26T19:28:26 IST" skipped="0">
  <testcase classname="com.brainzhive.testcases.OpenAccountTest" name="openAccount" time="1.596"/>
</testsuite> <!-- com.brainzhive.testcases.OpenAccountTest -->
