<?xml version="1.0" encoding="UTF-8"?>
<!-- Generated by org.testng.reporters.JUnitReportReporter -->
<testsuite hostname="DESKTOPMURALI" failures="0" tests="4" name="com.brainzhive.testcases.AddCustomerTest" time="3.143" errors="0" timestamp="2023-09-26T19:28:26 IST" skipped="0">
  <testcase classname="com.brainzhive.testcases.AddCustomerTest" name="addCustomer" time="0.888"/>
  <testcase classname="com.brainzhive.testcases.AddCustomerTest" name="addCustomer" time="0.605"/>
  <testcase classname="com.brainzhive.testcases.AddCustomerTest" name="addCustomer" time="1.051"/>
  <testcase classname="com.brainzhive.testcases.AddCustomerTest" name="addCustomer" time="0.599"/>
</testsuite> <!-- com.brainzhive.testcases.AddCustomerTest -->
