<?xml version="1.0" encoding="UTF-8"?>
<!-- Generated by org.testng.reporters.JUnitReportReporter -->
<testsuite hostname="DESKTOPMURALI" failures="0" tests="1" name="com.brainzhive.testcases.Rough" time="5.123" errors="0" timestamp="2023-09-06T21:51:10 IST" skipped="0">
  <testcase classname="com.brainzhive.testcases.Rough" name="bankManagerLogin" time="5.123"/>
</testsuite> <!-- com.brainzhive.testcases.Rough -->
