<?xml version="1.0" encoding="UTF-8"?>
<!-- Generated by org.testng.reporters.JUnitReportReporter -->
<testsuite hostname="DESKTOPMURALI" failures="0" tests="1" name="com.brainzhive.testcases.OpeningBrowser" time="5.313" errors="0" timestamp="2023-09-14T21:39:44 IST" skipped="0">
  <testcase classname="com.brainzhive.testcases.OpeningBrowser" name="openIRCTCTest" time="5.313"/>
</testsuite> <!-- com.brainzhive.testcases.OpeningBrowser -->
