<?xml version="1.0" encoding="UTF-8"?>
<!-- Generated by org.testng.reporters.JUnitReportReporter -->
<testsuite hostname="DESKTOPMURALI" failures="0" tests="4" name="testcases.CarNameAndPriceTest" time="0.076" errors="0" timestamp="12 Sep 2023 06:03:49 GMT" skipped="4">
  <testcase classname="testcases.CarNameAndPriceTest" name="carNameAndPrice" time="0.021">
    <skipped/>
  </testcase> <!-- carNameAndPrice -->
  <testcase classname="testcases.CarNameAndPriceTest" name="carNameAndPrice" time="0.042">
    <skipped/>
  </testcase> <!-- carNameAndPrice -->
  <testcase classname="testcases.CarNameAndPriceTest" name="carNameAndPrice" time="0.004">
    <skipped/>
  </testcase> <!-- carNameAndPrice -->
  <testcase classname="testcases.CarNameAndPriceTest" name="carNameAndPrice" time="0.009">
    <skipped/>
  </testcase> <!-- carNameAndPrice -->
</testsuite> <!-- testcases.CarNameAndPriceTest -->
