<?xml version="1.0" encoding="UTF-8"?>
<!-- Generated by org.testng.reporters.JUnitReportReporter -->
<testsuite hostname="DESKTOPMURALI" failures="0" tests="5" name="testcases.CarNameAndPriceTest" time="86.346" errors="0" timestamp="2023-10-04T16:24:25 IST" skipped="0">
  <testcase classname="testcases.CarNameAndPriceTest" name="carNameAndPrice" time="30.901"/>
  <system-out/>
  <testcase classname="testcases.CarNameAndPriceTest" name="carNameAndPrice" time="13.016"/>
  <system-out/>
  <testcase classname="testcases.CarNameAndPriceTest" name="carNameAndPrice" time="13.529"/>
  <system-out/>
  <testcase classname="testcases.CarNameAndPriceTest" name="carNameAndPrice" time="14.269"/>
  <system-out/>
  <testcase classname="testcases.CarNameAndPriceTest" name="carNameAndPrice" time="14.631"/>
  <system-out/>
</testsuite> <!-- testcases.CarNameAndPriceTest -->
